current directory: /home/erik/Projects/wificlient/.gems/ruby/3.1.0/gems/date-3.3.4/ext/date
/nix/store/98sa81zbm46czzhipl3vm6lcq9dg999s-ruby-3.1.6/bin/ruby extconf.rb
checking for rb_category_warn()... yes
checking for timezone in time.h with  -Werror... yes
checking for altzone in time.h with  -Werror... no
creating Makefile

current directory: /home/erik/Projects/wificlient/.gems/ruby/3.1.0/gems/date-3.3.4/ext/date
make DESTDIR\= sitearchdir\=./.gem.20240731-1240466-wxvgqa sitelibdir\=./.gem.20240731-1240466-wxvgqa clean

current directory: /home/erik/Projects/wificlient/.gems/ruby/3.1.0/gems/date-3.3.4/ext/date
make DESTDIR\= sitearchdir\=./.gem.20240731-1240466-wxvgqa sitelibdir\=./.gem.20240731-1240466-wxvgqa
compiling date_core.c
compiling date_parse.c
compiling date_strftime.c
compiling date_strptime.c
linking shared-object date_core.so

current directory: /home/erik/Projects/wificlient/.gems/ruby/3.1.0/gems/date-3.3.4/ext/date
make DESTDIR\= sitearchdir\=./.gem.20240731-1240466-wxvgqa sitelibdir\=./.gem.20240731-1240466-wxvgqa install
install -c -p -m 755 date_core.so ./.gem.20240731-1240466-wxvgqa

current directory: /home/erik/Projects/wificlient/.gems/ruby/3.1.0/gems/date-3.3.4/ext/date
make DESTDIR\= sitearchdir\=./.gem.20240731-1240466-wxvgqa sitelibdir\=./.gem.20240731-1240466-wxvgqa clean
