current directory: /home/erik/Projects/wificlient/.gems/ruby/3.2.0/gems/date-3.3.4/ext/date
/nix/store/925wndln7x2czwalbp4h68pzyc379sfn-ruby-3.2.4/bin/ruby extconf.rb
checking for rb_category_warn()... yes
checking for timezone in time.h with  -Werror... yes
checking for altzone in time.h with  -Werror... no
creating Makefile

current directory: /home/erik/Projects/wificlient/.gems/ruby/3.2.0/gems/date-3.3.4/ext/date
make DESTDIR\= sitearchdir\=./.gem.20240731-1247893-gy52jd sitelibdir\=./.gem.20240731-1247893-gy52jd clean

current directory: /home/erik/Projects/wificlient/.gems/ruby/3.2.0/gems/date-3.3.4/ext/date
make DESTDIR\= sitearchdir\=./.gem.20240731-1247893-gy52jd sitelibdir\=./.gem.20240731-1247893-gy52jd
compiling date_core.c
compiling date_parse.c
compiling date_strftime.c
compiling date_strptime.c
linking shared-object date_core.so

current directory: /home/erik/Projects/wificlient/.gems/ruby/3.2.0/gems/date-3.3.4/ext/date
make DESTDIR\= sitearchdir\=./.gem.20240731-1247893-gy52jd sitelibdir\=./.gem.20240731-1247893-gy52jd install
install -c -p -m 755 date_core.so ./.gem.20240731-1247893-gy52jd

current directory: /home/erik/Projects/wificlient/.gems/ruby/3.2.0/gems/date-3.3.4/ext/date
make DESTDIR\= sitearchdir\=./.gem.20240731-1247893-gy52jd sitelibdir\=./.gem.20240731-1247893-gy52jd clean
